<?xml version="1.0" encoding="UTF-8"?>
<coverage generated="1689844042729" clover="3.2.0">
  <project timestamp="1689844042729" name="All files">
    <metrics statements="74" coveredstatements="29" conditionals="8" coveredconditionals="1" methods="13" coveredmethods="2" elements="95" coveredelements="32" complexity="0" loc="74" ncloc="74" packages="1" files="4" classes="4"/>
    <file name="addtask.js" path="C:\Users\kathy\OneDrive\Desktop\microverse\MOdule_2\wk2Pairprogramming\to-do-list\src\modules\addtask.js">
      <metrics statements="54" coveredstatements="21" conditionals="4" coveredconditionals="1" methods="6" coveredmethods="1"/>
      <line num="6" count="0" type="stmt"/>
      <line num="7" count="0" type="stmt"/>
      <line num="8" count="0" type="stmt"/>
      <line num="10" count="0" type="stmt"/>
      <line num="13" count="1" type="stmt"/>
      <line num="16" count="1" type="stmt"/>
      <line num="17" count="1" type="cond" truecount="1" falsecount="1"/>
      <line num="18" count="1" type="stmt"/>
      <line num="19" count="1" type="stmt"/>
      <line num="20" count="1" type="stmt"/>
      <line num="21" count="1" type="stmt"/>
      <line num="23" count="1" type="stmt"/>
      <line num="24" count="1" type="stmt"/>
      <line num="25" count="1" type="stmt"/>
      <line num="26" count="1" type="stmt"/>
      <line num="27" count="1" type="stmt"/>
      <line num="28" count="0" type="stmt"/>
      <line num="29" count="0" type="stmt"/>
      <line num="31" count="1" type="stmt"/>
      <line num="33" count="1" type="stmt"/>
      <line num="34" count="1" type="stmt"/>
      <line num="35" count="1" type="stmt"/>
      <line num="36" count="1" type="stmt"/>
      <line num="38" count="1" type="stmt"/>
      <line num="39" count="1" type="stmt"/>
      <line num="40" count="1" type="stmt"/>
      <line num="43" count="0" type="stmt"/>
      <line num="44" count="0" type="stmt"/>
      <line num="45" count="0" type="stmt"/>
      <line num="46" count="0" type="stmt"/>
      <line num="48" count="0" type="cond" truecount="0" falsecount="2"/>
      <line num="50" count="0" type="stmt"/>
      <line num="51" count="0" type="stmt"/>
      <line num="52" count="0" type="stmt"/>
      <line num="53" count="0" type="stmt"/>
      <line num="54" count="0" type="stmt"/>
      <line num="55" count="0" type="stmt"/>
      <line num="57" count="0" type="stmt"/>
      <line num="58" count="0" type="stmt"/>
      <line num="60" count="0" type="stmt"/>
      <line num="61" count="0" type="stmt"/>
      <line num="62" count="0" type="stmt"/>
      <line num="63" count="0" type="stmt"/>
      <line num="64" count="0" type="stmt"/>
      <line num="65" count="0" type="stmt"/>
      <line num="66" count="0" type="stmt"/>
      <line num="67" count="0" type="stmt"/>
      <line num="68" count="0" type="stmt"/>
      <line num="69" count="0" type="stmt"/>
      <line num="72" count="0" type="stmt"/>
      <line num="74" count="0" type="stmt"/>
      <line num="75" count="0" type="stmt"/>
      <line num="78" count="0" type="stmt"/>
      <line num="81" count="1" type="stmt"/>
    </file>
    <file name="completingTask.js" path="C:\Users\kathy\OneDrive\Desktop\microverse\MOdule_2\wk2Pairprogramming\to-do-list\src\modules\completingTask.js">
      <metrics statements="5" coveredstatements="0" conditionals="2" coveredconditionals="0" methods="1" coveredmethods="0"/>
      <line num="4" count="0" type="stmt"/>
      <line num="5" count="0" type="cond" truecount="0" falsecount="2"/>
      <line num="6" count="0" type="stmt"/>
      <line num="8" count="0" type="stmt"/>
      <line num="10" count="0" type="stmt"/>
    </file>
    <file name="deletetask.js" path="C:\Users\kathy\OneDrive\Desktop\microverse\MOdule_2\wk2Pairprogramming\to-do-list\src\modules\deletetask.js">
      <metrics statements="6" coveredstatements="6" conditionals="0" coveredconditionals="0" methods="1" coveredmethods="1"/>
      <line num="4" count="1" type="stmt"/>
      <line num="5" count="1" type="stmt"/>
      <line num="6" count="1" type="stmt"/>
      <line num="8" count="1" type="stmt"/>
      <line num="10" count="1" type="stmt"/>
      <line num="11" count="1" type="stmt"/>
    </file>
    <file name="localstorage.js" path="C:\Users\kathy\OneDrive\Desktop\microverse\MOdule_2\wk2Pairprogramming\to-do-list\src\modules\localstorage.js">
      <metrics statements="9" coveredstatements="2" conditionals="2" coveredconditionals="0" methods="5" coveredmethods="0"/>
      <line num="1" count="1" type="stmt"/>
      <line num="2" count="0" type="stmt"/>
      <line num="5" count="1" type="stmt"/>
      <line num="6" count="0" type="stmt"/>
      <line num="7" count="0" type="cond" truecount="0" falsecount="2"/>
      <line num="11" count="0" type="stmt"/>
      <line num="12" count="0" type="stmt"/>
      <line num="16" count="0" type="stmt"/>
      <line num="17" count="0" type="stmt"/>
    </file>
  </project>
</coverage>
