{"/home/agneta/Desktop/microverse/to-do/to-do-list/src/modules/addtask.js": {"path":"/home/agneta/Desktop/microverse/to-do/to-do-list/src/modules/addtask.js","statementMap":{"0":{"start":{"line":6,"column":19},"end":{"line":6,"column":42}},"1":{"start":{"line":7,"column":19},"end":{"line":7,"column":38}},"2":{"start":{"line":8,"column":20},"end":{"line":8,"column":67}},"3":{"start":{"line":10,"column":2},"end":{"line":10,"column":26}},"4":{"start":{"line":14,"column":2},"end":{"line":16,"column":5}},"5":{"start":{"line":15,"column":4},"end":{"line":15,"column":23}},"6":{"start":{"line":20,"column":20},"end":{"line":20,"column":21}},"7":{"start":{"line":23,"column":19},"end":{"line":23,"column":47}},"8":{"start":{"line":24,"column":2},"end":{"line":24,"column":75}},"9":{"start":{"line":25,"column":2},"end":{"line":25,"column":30}},"10":{"start":{"line":26,"column":2},"end":{"line":26,"column":40}},"11":{"start":{"line":27,"column":2},"end":{"line":27,"column":21}},"12":{"start":{"line":28,"column":2},"end":{"line":28,"column":33}},"13":{"start":{"line":30,"column":19},"end":{"line":30,"column":50}},"14":{"start":{"line":31,"column":2},"end":{"line":31,"column":29}},"15":{"start":{"line":32,"column":2},"end":{"line":32,"column":38}},"16":{"start":{"line":33,"column":2},"end":{"line":33,"column":36}},"17":{"start":{"line":34,"column":2},"end":{"line":37,"column":5}},"18":{"start":{"line":35,"column":4},"end":{"line":35,"column":36}},"19":{"start":{"line":36,"column":4},"end":{"line":36,"column":43}},"20":{"start":{"line":38,"column":2},"end":{"line":38,"column":33}},"21":{"start":{"line":40,"column":12},"end":{"line":40,"column":39}},"22":{"start":{"line":41,"column":2},"end":{"line":41,"column":33}},"23":{"start":{"line":42,"column":2},"end":{"line":42,"column":26}},"24":{"start":{"line":43,"column":2},"end":{"line":43,"column":26}},"25":{"start":{"line":45,"column":15},"end":{"line":45,"column":42}},"26":{"start":{"line":46,"column":2},"end":{"line":46,"column":51}},"27":{"start":{"line":47,"column":2},"end":{"line":47,"column":29}},"28":{"start":{"line":50,"column":4},"end":{"line":50,"column":45}},"29":{"start":{"line":51,"column":23},"end":{"line":51,"column":31}},"30":{"start":{"line":52,"column":19},"end":{"line":52,"column":40}},"31":{"start":{"line":53,"column":20},"end":{"line":53,"column":52}},"32":{"start":{"line":55,"column":4},"end":{"line":55,"column":25}},"33":{"start":{"line":55,"column":18},"end":{"line":55,"column":25}},"34":{"start":{"line":57,"column":23},"end":{"line":57,"column":54}},"35":{"start":{"line":58,"column":4},"end":{"line":58,"column":29}},"36":{"start":{"line":59,"column":4},"end":{"line":59,"column":41}},"37":{"start":{"line":60,"column":4},"end":{"line":60,"column":40}},"38":{"start":{"line":61,"column":4},"end":{"line":61,"column":53}},"39":{"start":{"line":62,"column":4},"end":{"line":62,"column":49}},"40":{"start":{"line":64,"column":4},"end":{"line":64,"column":45}},"41":{"start":{"line":65,"column":4},"end":{"line":65,"column":29}},"42":{"start":{"line":67,"column":4},"end":{"line":77,"column":7}},"43":{"start":{"line":68,"column":6},"end":{"line":68,"column":38}},"44":{"start":{"line":69,"column":6},"end":{"line":69,"column":42}},"45":{"start":{"line":70,"column":6},"end":{"line":70,"column":43}},"46":{"start":{"line":71,"column":6},"end":{"line":71,"column":47}},"47":{"start":{"line":72,"column":6},"end":{"line":72,"column":45}},"48":{"start":{"line":73,"column":6},"end":{"line":73,"column":55}},"49":{"start":{"line":74,"column":6},"end":{"line":74,"column":52}},"50":{"start":{"line":75,"column":6},"end":{"line":75,"column":51}},"51":{"start":{"line":76,"column":6},"end":{"line":76,"column":32}},"52":{"start":{"line":79,"column":4},"end":{"line":79,"column":52}},"53":{"start":{"line":81,"column":4},"end":{"line":83,"column":7}},"54":{"start":{"line":82,"column":6},"end":{"line":82,"column":34}},"55":{"start":{"line":85,"column":4},"end":{"line":85,"column":30}},"56":{"start":{"line":88,"column":2},"end":{"line":88,"column":47}}},"fnMap":{"0":{"name":"returnTask","decl":{"start":{"line":5,"column":9},"end":{"line":5,"column":19}},"loc":{"start":{"line":5,"column":34},"end":{"line":11,"column":1}},"line":5},"1":{"name":"updateTaskIndices","decl":{"start":{"line":13,"column":9},"end":{"line":13,"column":26}},"loc":{"start":{"line":13,"column":34},"end":{"line":17,"column":1}},"line":13},"2":{"name":"(anonymous_2)","decl":{"start":{"line":14,"column":16},"end":{"line":14,"column":17}},"loc":{"start":{"line":14,"column":33},"end":{"line":16,"column":3}},"line":14},"3":{"name":"addTask","decl":{"start":{"line":22,"column":9},"end":{"line":22,"column":16}},"loc":{"start":{"line":22,"column":40},"end":{"line":89,"column":1}},"line":22},"4":{"name":"(anonymous_4)","decl":{"start":{"line":34,"column":38},"end":{"line":34,"column":39}},"loc":{"start":{"line":34,"column":49},"end":{"line":37,"column":3}},"line":34},"5":{"name":"editFunction","decl":{"start":{"line":49,"column":11},"end":{"line":49,"column":23}},"loc":{"start":{"line":49,"column":27},"end":{"line":86,"column":3}},"line":49},"6":{"name":"(anonymous_6)","decl":{"start":{"line":67,"column":40},"end":{"line":67,"column":41}},"loc":{"start":{"line":67,"column":51},"end":{"line":77,"column":5}},"line":67},"7":{"name":"(anonymous_7)","decl":{"start":{"line":81,"column":35},"end":{"line":81,"column":36}},"loc":{"start":{"line":81,"column":41},"end":{"line":83,"column":5}},"line":81}},"branchMap":{"0":{"loc":{"start":{"line":24,"column":34},"end":{"line":24,"column":74}},"type":"cond-expr","locations":[{"start":{"line":24,"column":51},"end":{"line":24,"column":65}},{"start":{"line":24,"column":68},"end":{"line":24,"column":74}}],"line":24},"1":{"loc":{"start":{"line":55,"column":4},"end":{"line":55,"column":25}},"type":"if","locations":[{"start":{"line":55,"column":4},"end":{"line":55,"column":25}},{"start":{},"end":{}}],"line":55}},"s":{"0":0,"1":0,"2":0,"3":0,"4":0,"5":0,"6":1,"7":1,"8":1,"9":1,"10":1,"11":1,"12":1,"13":1,"14":1,"15":1,"16":1,"17":1,"18":0,"19":0,"20":1,"21":1,"22":1,"23":1,"24":1,"25":1,"26":1,"27":1,"28":0,"29":0,"30":0,"31":0,"32":0,"33":0,"34":0,"35":0,"36":0,"37":0,"38":0,"39":0,"40":0,"41":0,"42":0,"43":0,"44":0,"45":0,"46":0,"47":0,"48":0,"49":0,"50":0,"51":0,"52":0,"53":0,"54":0,"55":0,"56":1},"f":{"0":0,"1":0,"2":0,"3":1,"4":0,"5":0,"6":0,"7":0},"b":{"0":[0,1],"1":[0,0]},"_coverageSchema":"1a1c01bbd47fc00a2c39e90264f33305004495a9","hash":"f7f092faf8bef5c62ddc2d84cb16139fa09c3b92"}
,"/home/agneta/Desktop/microverse/to-do/to-do-list/src/modules/completingTask.js": {"path":"/home/agneta/Desktop/microverse/to-do/to-do-list/src/modules/completingTask.js","statementMap":{"0":{"start":{"line":4,"column":2},"end":{"line":4,"column":35}},"1":{"start":{"line":5,"column":2},"end":{"line":9,"column":3}},"2":{"start":{"line":6,"column":4},"end":{"line":6,"column":72}},"3":{"start":{"line":8,"column":4},"end":{"line":8,"column":64}},"4":{"start":{"line":10,"column":2},"end":{"line":10,"column":28}}},"fnMap":{"0":{"name":"completionFunction","decl":{"start":{"line":3,"column":9},"end":{"line":3,"column":27}},"loc":{"start":{"line":3,"column":51},"end":{"line":11,"column":1}},"line":3}},"branchMap":{"0":{"loc":{"start":{"line":5,"column":2},"end":{"line":9,"column":3}},"type":"if","locations":[{"start":{"line":5,"column":2},"end":{"line":9,"column":3}},{"start":{"line":7,"column":9},"end":{"line":9,"column":3}}],"line":5}},"s":{"0":0,"1":0,"2":0,"3":0,"4":0},"f":{"0":0},"b":{"0":[0,0]},"_coverageSchema":"1a1c01bbd47fc00a2c39e90264f33305004495a9","hash":"8c002ed4b6df80ed41d8594ae50d384c79fd4af9"}
,"/home/agneta/Desktop/microverse/to-do/to-do-list/src/modules/deletetask.js": {"path":"/home/agneta/Desktop/microverse/to-do/to-do-list/src/modules/deletetask.js","statementMap":{"0":{"start":{"line":4,"column":21},"end":{"line":4,"column":40}},"1":{"start":{"line":5,"column":22},"end":{"line":5,"column":69}},"2":{"start":{"line":6,"column":4},"end":{"line":6,"column":35}},"3":{"start":{"line":8,"column":4},"end":{"line":8,"column":31}},"4":{"start":{"line":10,"column":4},"end":{"line":10,"column":29}},"5":{"start":{"line":11,"column":4},"end":{"line":11,"column":30}}},"fnMap":{"0":{"name":"deleteTask","decl":{"start":{"line":3,"column":9},"end":{"line":3,"column":19}},"loc":{"start":{"line":3,"column":37},"end":{"line":12,"column":3}},"line":3}},"branchMap":{},"s":{"0":0,"1":0,"2":0,"3":0,"4":0,"5":0},"f":{"0":0},"b":{},"_coverageSchema":"1a1c01bbd47fc00a2c39e90264f33305004495a9","hash":"eca966e29fa504c58ff80ff19c60379621403679"}
,"/home/agneta/Desktop/microverse/to-do/to-do-list/src/modules/localstorage.js": {"path":"/home/agneta/Desktop/microverse/to-do/to-do-list/src/modules/localstorage.js","statementMap":{"0":{"start":{"line":1,"column":27},"end":{"line":3,"column":1}},"1":{"start":{"line":2,"column":2},"end":{"line":2,"column":62}},"2":{"start":{"line":5,"column":29},"end":{"line":8,"column":1}},"3":{"start":{"line":6,"column":22},"end":{"line":6,"column":58}},"4":{"start":{"line":7,"column":2},"end":{"line":7,"column":52}},"5":{"start":{"line":11,"column":2},"end":{"line":11,"column":23}},"6":{"start":{"line":12,"column":2},"end":{"line":12,"column":62}}},"fnMap":{"0":{"name":"(anonymous_0)","decl":{"start":{"line":1,"column":27},"end":{"line":1,"column":28}},"loc":{"start":{"line":1,"column":38},"end":{"line":3,"column":1}},"line":1},"1":{"name":"(anonymous_1)","decl":{"start":{"line":5,"column":29},"end":{"line":5,"column":30}},"loc":{"start":{"line":5,"column":35},"end":{"line":8,"column":1}},"line":5},"2":{"name":"updateLocalStorage","decl":{"start":{"line":10,"column":9},"end":{"line":10,"column":27}},"loc":{"start":{"line":10,"column":35},"end":{"line":13,"column":1}},"line":10}},"branchMap":{"0":{"loc":{"start":{"line":7,"column":9},"end":{"line":7,"column":51}},"type":"cond-expr","locations":[{"start":{"line":7,"column":23},"end":{"line":7,"column":46}},{"start":{"line":7,"column":49},"end":{"line":7,"column":51}}],"line":7}},"s":{"0":1,"1":0,"2":1,"3":0,"4":0,"5":0,"6":0},"f":{"0":0,"1":0,"2":0},"b":{"0":[0,0]},"_coverageSchema":"1a1c01bbd47fc00a2c39e90264f33305004495a9","hash":"7de8339c9ef9972b6cba869155c4ba29a87d45f7"}
}
