{"/home/agneta/Desktop/microverse/to-do/to-do-list/src/modules/addtask.js": {"path":"/home/agneta/Desktop/microverse/to-do/to-do-list/src/modules/addtask.js","statementMap":{"0":{"start":{"line":6,"column":19},"end":{"line":6,"column":42}},"1":{"start":{"line":7,"column":19},"end":{"line":7,"column":38}},"2":{"start":{"line":8,"column":20},"end":{"line":8,"column":67}},"3":{"start":{"line":10,"column":2},"end":{"line":10,"column":26}},"4":{"start":{"line":13,"column":20},"end":{"line":13,"column":21}},"5":{"start":{"line":16,"column":19},"end":{"line":16,"column":47}},"6":{"start":{"line":17,"column":2},"end":{"line":17,"column":75}},"7":{"start":{"line":18,"column":2},"end":{"line":18,"column":30}},"8":{"start":{"line":19,"column":2},"end":{"line":19,"column":40}},"9":{"start":{"line":20,"column":2},"end":{"line":20,"column":21}},"10":{"start":{"line":21,"column":2},"end":{"line":21,"column":33}},"11":{"start":{"line":23,"column":19},"end":{"line":23,"column":50}},"12":{"start":{"line":24,"column":2},"end":{"line":24,"column":29}},"13":{"start":{"line":25,"column":2},"end":{"line":25,"column":38}},"14":{"start":{"line":26,"column":2},"end":{"line":26,"column":36}},"15":{"start":{"line":27,"column":2},"end":{"line":30,"column":5}},"16":{"start":{"line":28,"column":4},"end":{"line":28,"column":36}},"17":{"start":{"line":29,"column":4},"end":{"line":29,"column":43}},"18":{"start":{"line":31,"column":2},"end":{"line":31,"column":33}},"19":{"start":{"line":33,"column":12},"end":{"line":33,"column":39}},"20":{"start":{"line":34,"column":2},"end":{"line":34,"column":33}},"21":{"start":{"line":35,"column":2},"end":{"line":35,"column":26}},"22":{"start":{"line":36,"column":2},"end":{"line":36,"column":26}},"23":{"start":{"line":38,"column":15},"end":{"line":38,"column":42}},"24":{"start":{"line":39,"column":2},"end":{"line":39,"column":51}},"25":{"start":{"line":40,"column":2},"end":{"line":40,"column":29}},"26":{"start":{"line":43,"column":4},"end":{"line":43,"column":45}},"27":{"start":{"line":44,"column":23},"end":{"line":44,"column":31}},"28":{"start":{"line":45,"column":19},"end":{"line":45,"column":40}},"29":{"start":{"line":46,"column":20},"end":{"line":46,"column":52}},"30":{"start":{"line":48,"column":4},"end":{"line":48,"column":25}},"31":{"start":{"line":48,"column":18},"end":{"line":48,"column":25}},"32":{"start":{"line":50,"column":23},"end":{"line":50,"column":54}},"33":{"start":{"line":51,"column":4},"end":{"line":51,"column":29}},"34":{"start":{"line":52,"column":4},"end":{"line":52,"column":41}},"35":{"start":{"line":53,"column":4},"end":{"line":53,"column":40}},"36":{"start":{"line":54,"column":4},"end":{"line":54,"column":53}},"37":{"start":{"line":55,"column":4},"end":{"line":55,"column":49}},"38":{"start":{"line":57,"column":4},"end":{"line":57,"column":45}},"39":{"start":{"line":58,"column":4},"end":{"line":58,"column":29}},"40":{"start":{"line":60,"column":4},"end":{"line":70,"column":7}},"41":{"start":{"line":61,"column":6},"end":{"line":61,"column":38}},"42":{"start":{"line":62,"column":6},"end":{"line":62,"column":42}},"43":{"start":{"line":63,"column":6},"end":{"line":63,"column":43}},"44":{"start":{"line":64,"column":6},"end":{"line":64,"column":47}},"45":{"start":{"line":65,"column":6},"end":{"line":65,"column":45}},"46":{"start":{"line":66,"column":6},"end":{"line":66,"column":55}},"47":{"start":{"line":67,"column":6},"end":{"line":67,"column":52}},"48":{"start":{"line":68,"column":6},"end":{"line":68,"column":51}},"49":{"start":{"line":69,"column":6},"end":{"line":69,"column":32}},"50":{"start":{"line":72,"column":4},"end":{"line":72,"column":52}},"51":{"start":{"line":74,"column":4},"end":{"line":76,"column":7}},"52":{"start":{"line":75,"column":6},"end":{"line":75,"column":34}},"53":{"start":{"line":78,"column":4},"end":{"line":78,"column":30}},"54":{"start":{"line":81,"column":2},"end":{"line":81,"column":47}}},"fnMap":{"0":{"name":"returnTask","decl":{"start":{"line":5,"column":9},"end":{"line":5,"column":19}},"loc":{"start":{"line":5,"column":34},"end":{"line":11,"column":1}},"line":5},"1":{"name":"addTask","decl":{"start":{"line":15,"column":9},"end":{"line":15,"column":16}},"loc":{"start":{"line":15,"column":40},"end":{"line":82,"column":1}},"line":15},"2":{"name":"(anonymous_2)","decl":{"start":{"line":27,"column":38},"end":{"line":27,"column":39}},"loc":{"start":{"line":27,"column":49},"end":{"line":30,"column":3}},"line":27},"3":{"name":"editFunction","decl":{"start":{"line":42,"column":11},"end":{"line":42,"column":23}},"loc":{"start":{"line":42,"column":27},"end":{"line":79,"column":3}},"line":42},"4":{"name":"(anonymous_4)","decl":{"start":{"line":60,"column":40},"end":{"line":60,"column":41}},"loc":{"start":{"line":60,"column":51},"end":{"line":70,"column":5}},"line":60},"5":{"name":"(anonymous_5)","decl":{"start":{"line":74,"column":35},"end":{"line":74,"column":36}},"loc":{"start":{"line":74,"column":41},"end":{"line":76,"column":5}},"line":74}},"branchMap":{"0":{"loc":{"start":{"line":17,"column":34},"end":{"line":17,"column":74}},"type":"cond-expr","locations":[{"start":{"line":17,"column":51},"end":{"line":17,"column":65}},{"start":{"line":17,"column":68},"end":{"line":17,"column":74}}],"line":17},"1":{"loc":{"start":{"line":48,"column":4},"end":{"line":48,"column":25}},"type":"if","locations":[{"start":{"line":48,"column":4},"end":{"line":48,"column":25}},{"start":{},"end":{}}],"line":48}},"s":{"0":0,"1":0,"2":0,"3":0,"4":1,"5":1,"6":1,"7":1,"8":1,"9":1,"10":1,"11":1,"12":1,"13":1,"14":1,"15":1,"16":0,"17":0,"18":1,"19":1,"20":1,"21":1,"22":1,"23":1,"24":1,"25":1,"26":0,"27":0,"28":0,"29":0,"30":0,"31":0,"32":0,"33":0,"34":0,"35":0,"36":0,"37":0,"38":0,"39":0,"40":0,"41":0,"42":0,"43":0,"44":0,"45":0,"46":0,"47":0,"48":0,"49":0,"50":0,"51":0,"52":0,"53":0,"54":1},"f":{"0":0,"1":1,"2":0,"3":0,"4":0,"5":0},"b":{"0":[0,1],"1":[0,0]},"_coverageSchema":"1a1c01bbd47fc00a2c39e90264f33305004495a9","hash":"4e0dfd5e79199eca27ee4d6a4a75772c055e483d"}
,"/home/agneta/Desktop/microverse/to-do/to-do-list/src/modules/completingTask.js": {"path":"/home/agneta/Desktop/microverse/to-do/to-do-list/src/modules/completingTask.js","statementMap":{"0":{"start":{"line":4,"column":2},"end":{"line":4,"column":35}},"1":{"start":{"line":5,"column":2},"end":{"line":9,"column":3}},"2":{"start":{"line":6,"column":4},"end":{"line":6,"column":72}},"3":{"start":{"line":8,"column":4},"end":{"line":8,"column":64}},"4":{"start":{"line":10,"column":2},"end":{"line":10,"column":28}}},"fnMap":{"0":{"name":"completionFunction","decl":{"start":{"line":3,"column":9},"end":{"line":3,"column":27}},"loc":{"start":{"line":3,"column":51},"end":{"line":11,"column":1}},"line":3}},"branchMap":{"0":{"loc":{"start":{"line":5,"column":2},"end":{"line":9,"column":3}},"type":"if","locations":[{"start":{"line":5,"column":2},"end":{"line":9,"column":3}},{"start":{"line":7,"column":9},"end":{"line":9,"column":3}}],"line":5}},"s":{"0":0,"1":0,"2":0,"3":0,"4":0},"f":{"0":0},"b":{"0":[0,0]},"_coverageSchema":"1a1c01bbd47fc00a2c39e90264f33305004495a9","hash":"8c002ed4b6df80ed41d8594ae50d384c79fd4af9"}
,"/home/agneta/Desktop/microverse/to-do/to-do-list/src/modules/deletetask.js": {"path":"/home/agneta/Desktop/microverse/to-do/to-do-list/src/modules/deletetask.js","statementMap":{"0":{"start":{"line":4,"column":19},"end":{"line":4,"column":38}},"1":{"start":{"line":5,"column":20},"end":{"line":5,"column":67}},"2":{"start":{"line":6,"column":2},"end":{"line":6,"column":33}},"3":{"start":{"line":8,"column":2},"end":{"line":8,"column":29}},"4":{"start":{"line":10,"column":2},"end":{"line":10,"column":27}},"5":{"start":{"line":11,"column":2},"end":{"line":11,"column":28}}},"fnMap":{"0":{"name":"deleteTask","decl":{"start":{"line":3,"column":9},"end":{"line":3,"column":19}},"loc":{"start":{"line":3,"column":37},"end":{"line":12,"column":1}},"line":3}},"branchMap":{},"s":{"0":1,"1":1,"2":1,"3":1,"4":1,"5":1},"f":{"0":1},"b":{},"_coverageSchema":"1a1c01bbd47fc00a2c39e90264f33305004495a9","hash":"c3092ca2243712c91f5e4a814227da0e746d8ec6"}
,"/home/agneta/Desktop/microverse/to-do/to-do-list/src/modules/localstorage.js": {"path":"/home/agneta/Desktop/microverse/to-do/to-do-list/src/modules/localstorage.js","statementMap":{"0":{"start":{"line":1,"column":27},"end":{"line":3,"column":1}},"1":{"start":{"line":2,"column":2},"end":{"line":2,"column":62}},"2":{"start":{"line":5,"column":29},"end":{"line":8,"column":1}},"3":{"start":{"line":6,"column":22},"end":{"line":6,"column":58}},"4":{"start":{"line":7,"column":2},"end":{"line":7,"column":52}},"5":{"start":{"line":11,"column":2},"end":{"line":11,"column":23}},"6":{"start":{"line":12,"column":2},"end":{"line":12,"column":62}},"7":{"start":{"line":16,"column":2},"end":{"line":18,"column":5}},"8":{"start":{"line":17,"column":4},"end":{"line":17,"column":23}}},"fnMap":{"0":{"name":"(anonymous_0)","decl":{"start":{"line":1,"column":27},"end":{"line":1,"column":28}},"loc":{"start":{"line":1,"column":38},"end":{"line":3,"column":1}},"line":1},"1":{"name":"(anonymous_1)","decl":{"start":{"line":5,"column":29},"end":{"line":5,"column":30}},"loc":{"start":{"line":5,"column":35},"end":{"line":8,"column":1}},"line":5},"2":{"name":"updateLocalStorage","decl":{"start":{"line":10,"column":9},"end":{"line":10,"column":27}},"loc":{"start":{"line":10,"column":35},"end":{"line":13,"column":1}},"line":10},"3":{"name":"updateTaskIndices","decl":{"start":{"line":15,"column":9},"end":{"line":15,"column":26}},"loc":{"start":{"line":15,"column":34},"end":{"line":19,"column":1}},"line":15},"4":{"name":"(anonymous_4)","decl":{"start":{"line":16,"column":16},"end":{"line":16,"column":17}},"loc":{"start":{"line":16,"column":33},"end":{"line":18,"column":3}},"line":16}},"branchMap":{"0":{"loc":{"start":{"line":7,"column":9},"end":{"line":7,"column":51}},"type":"cond-expr","locations":[{"start":{"line":7,"column":23},"end":{"line":7,"column":46}},{"start":{"line":7,"column":49},"end":{"line":7,"column":51}}],"line":7}},"s":{"0":1,"1":0,"2":1,"3":0,"4":0,"5":0,"6":0,"7":0,"8":0},"f":{"0":0,"1":0,"2":0,"3":0,"4":0},"b":{"0":[0,0]},"_coverageSchema":"1a1c01bbd47fc00a2c39e90264f33305004495a9","hash":"14d92d3046e07ff28f8db4249d172eb27c61b04e"}
}
