TN:
SF:src\modules\addtask.js
FN:5,returnTask
FN:13,updateTaskIndices
FN:14,(anonymous_2)
FN:22,addTask
FN:34,(anonymous_4)
FN:49,editFunction
FN:67,(anonymous_6)
FN:81,(anonymous_7)
FNF:8
FNH:1
FNDA:0,returnTask
FNDA:0,updateTaskIndices
FNDA:0,(anonymous_2)
FNDA:1,addTask
FNDA:0,(anonymous_4)
FNDA:0,editFunction
FNDA:0,(anonymous_6)
FNDA:0,(anonymous_7)
DA:6,0
DA:7,0
DA:8,0
DA:10,0
DA:14,0
DA:15,0
DA:20,1
DA:23,1
DA:24,1
DA:25,1
DA:26,1
DA:27,1
DA:28,1
DA:30,1
DA:31,1
DA:32,1
DA:33,1
DA:34,1
DA:35,0
DA:36,0
DA:38,1
DA:40,1
DA:41,1
DA:42,1
DA:43,1
DA:45,1
DA:46,1
DA:47,1
DA:50,0
DA:51,0
DA:52,0
DA:53,0
DA:55,0
DA:57,0
DA:58,0
DA:59,0
DA:60,0
DA:61,0
DA:62,0
DA:64,0
DA:65,0
DA:67,0
DA:68,0
DA:69,0
DA:70,0
DA:71,0
DA:72,0
DA:73,0
DA:74,0
DA:75,0
DA:76,0
DA:79,0
DA:81,0
DA:82,0
DA:85,0
DA:88,1
LF:56
LH:21
BRDA:24,0,0,0
BRDA:24,0,1,1
BRDA:55,1,0,0
BRDA:55,1,1,0
BRF:4
BRH:1
end_of_record
TN:
SF:src\modules\completingTask.js
FN:3,completionFunction
FNF:1
FNH:0
FNDA:0,completionFunction
DA:4,0
DA:5,0
DA:6,0
DA:8,0
DA:10,0
LF:5
LH:0
BRDA:5,0,0,0
BRDA:5,0,1,0
BRF:2
BRH:0
end_of_record
TN:
SF:src\modules\deletetask.js
FN:3,deleteTask
FNF:1
FNH:1
FNDA:1,deleteTask
DA:4,1
DA:5,1
DA:6,1
DA:8,1
DA:10,1
DA:11,1
LF:6
LH:6
BRF:0
BRH:0
end_of_record
TN:
SF:src\modules\localstorage.js
FN:1,(anonymous_0)
FN:5,(anonymous_1)
FN:10,updateLocalStorage
FNF:3
FNH:0
FNDA:0,(anonymous_0)
FNDA:0,(anonymous_1)
FNDA:0,updateLocalStorage
DA:1,1
DA:2,0
DA:5,1
DA:6,0
DA:7,0
DA:11,0
DA:12,0
LF:7
LH:2
BRDA:7,0,0,0
BRDA:7,0,1,0
BRF:2
BRH:0
end_of_record
