TN:
SF:src\modules\addtask.js
FN:5,returnTask
FN:15,addTask
FN:27,(anonymous_2)
FN:42,editFunction
FN:60,(anonymous_4)
FN:74,(anonymous_5)
FNF:6
FNH:1
FNDA:0,returnTask
FNDA:1,addTask
FNDA:0,(anonymous_2)
FNDA:0,editFunction
FNDA:0,(anonymous_4)
FNDA:0,(anonymous_5)
DA:6,0
DA:7,0
DA:8,0
DA:10,0
DA:13,1
DA:16,1
DA:17,1
DA:18,1
DA:19,1
DA:20,1
DA:21,1
DA:23,1
DA:24,1
DA:25,1
DA:26,1
DA:27,1
DA:28,0
DA:29,0
DA:31,1
DA:33,1
DA:34,1
DA:35,1
DA:36,1
DA:38,1
DA:39,1
DA:40,1
DA:43,0
DA:44,0
DA:45,0
DA:46,0
DA:48,0
DA:50,0
DA:51,0
DA:52,0
DA:53,0
DA:54,0
DA:55,0
DA:57,0
DA:58,0
DA:60,0
DA:61,0
DA:62,0
DA:63,0
DA:64,0
DA:65,0
DA:66,0
DA:67,0
DA:68,0
DA:69,0
DA:72,0
DA:74,0
DA:75,0
DA:78,0
DA:81,1
LF:54
LH:21
BRDA:17,0,0,0
BRDA:17,0,1,1
BRDA:48,1,0,0
BRDA:48,1,1,0
BRF:4
BRH:1
end_of_record
TN:
SF:src\modules\completingTask.js
FN:3,completionFunction
FNF:1
FNH:0
FNDA:0,completionFunction
DA:4,0
DA:5,0
DA:6,0
DA:8,0
DA:10,0
LF:5
LH:0
BRDA:5,0,0,0
BRDA:5,0,1,0
BRF:2
BRH:0
end_of_record
TN:
SF:src\modules\deletetask.js
FN:3,deleteTask
FNF:1
FNH:1
FNDA:1,deleteTask
DA:4,1
DA:5,1
DA:6,1
DA:8,1
DA:10,1
DA:11,1
LF:6
LH:6
BRF:0
BRH:0
end_of_record
TN:
SF:src\modules\localstorage.js
FN:1,(anonymous_0)
FN:5,(anonymous_1)
FN:10,updateLocalStorage
FN:15,updateTaskIndices
FN:16,(anonymous_4)
FNF:5
FNH:0
FNDA:0,(anonymous_0)
FNDA:0,(anonymous_1)
FNDA:0,updateLocalStorage
FNDA:0,updateTaskIndices
FNDA:0,(anonymous_4)
DA:1,1
DA:2,0
DA:5,1
DA:6,0
DA:7,0
DA:11,0
DA:12,0
DA:16,0
DA:17,0
LF:9
LH:2
BRDA:7,0,0,0
BRDA:7,0,1,0
BRF:2
BRH:0
end_of_record
